Baybayin/Baybayin/app/build/intermediates/manifest_merge_blame_file/debug/manifest-merger-blame-debug-report.txt
1<?xml version="1.0" encoding="utf-8"?>
2<manifest xmlns:android="http://schemas.android.com/apk/res/android"
3    package="com.example.baybayin"
4    android:versionCode="1"
5    android:versionName="1.0" >
6
7    <uses-sdk
8        android:minSdkVersion="26"
9        android:targetSdkVersion="33" />
10
11    <uses-permission android:name="android.permission.ACCESS_FINE_LOCATION" />
11-->src\main\AndroidManifest.xml:5:5-79
11-->src\main\AndroidManifest.xml:5:22-76
12    <uses-permission android:name="android.permission.ACCESS_COARSE_LOCATION" />
12-->src\main\AndroidManifest.xml:6:5-81
12-->src\main\AndroidManifest.xml:6:22-78
13    <uses-permission android:name="android.permission.INTERNET" />
13-->src\main\AndroidManifest.xml:7:5-67
13-->src\main\AndroidManifest.xml:7:22-64
14    <uses-permission android:name="android.permission.ACCESS_FINE_LOCATION" />
14-->src\main\AndroidManifest.xml:5:5-79
14-->src\main\AndroidManifest.xml:5:22-76
15    <uses-permission android:name="android.permission.WRITE_EXTERNAL_STORAGE" />
15-->src\main\AndroidManifest.xml:9:5-81
15-->src\main\AndroidManifest.xml:9:22-78
16    <uses-permission android:name="android.permission.READ_EXTERNAL_STORAGE" />
16-->src\main\AndroidManifest.xml:10:5-80
16-->src\main\AndroidManifest.xml:10:22-77
17    <uses-permission android:name="android.permission.ACCESS_NETWORK_STATE" />
17-->[io.realm:realm-android-library-object-server:10.15.1] AndroidManifest.xml:7:5-79
17-->[io.realm:realm-android-library-object-server:10.15.1] AndroidManifest.xml:7:22-76
18
19    <uses-feature
19-->[com.google.android.gms:play-services-maps:17.0.0] AndroidManifest.xml:26:5-28:35
20        android:glEsVersion="0x00020000"
20-->[com.google.android.gms:play-services-maps:17.0.0] AndroidManifest.xml:27:9-41
21        android:required="true" />
21-->[com.google.android.gms:play-services-maps:17.0.0] AndroidManifest.xml:28:9-32
22
23    <application
23-->src\main\AndroidManifest.xml:12:5-138:19
24        android:allowBackup="true"
24-->src\main\AndroidManifest.xml:13:9-35
25        android:appComponentFactory="androidx.core.app.CoreComponentFactory"
25-->[androidx.core:core:1.8.0] AndroidManifest.xml:24:18-86
26        android:dataExtractionRules="@xml/data_extraction_rules"
26-->src\main\AndroidManifest.xml:14:9-65
27        android:debuggable="true"
28        android:extractNativeLibs="false"
29        android:fullBackupContent="@xml/backup_rules"
29-->src\main\AndroidManifest.xml:15:9-54
30        android:icon="@drawable/bayascript_logo"
30-->src\main\AndroidManifest.xml:16:9-49
31        android:label="@string/app_name"
31-->src\main\AndroidManifest.xml:17:9-41
32        android:roundIcon="@drawable/bayascript_logo"
32-->src\main\AndroidManifest.xml:18:9-54
33        android:supportsRtl="true"
33-->src\main\AndroidManifest.xml:19:9-35
34        android:testOnly="true"
35        android:theme="@style/Theme.Baybayin" >
35-->src\main\AndroidManifest.xml:20:9-46
36        <activity
36-->src\main\AndroidManifest.xml:22:9-24:40
37            android:name="com.example.baybayin.Utils.Update_Notes"
37-->src\main\AndroidManifest.xml:23:13-47
38            android:exported="false" />
38-->src\main\AndroidManifest.xml:24:13-37
39        <activity
39-->src\main\AndroidManifest.xml:25:9-27:40
40            android:name="com.example.baybayin.Utils.Add_Notes"
40-->src\main\AndroidManifest.xml:26:13-44
41            android:exported="false" />
41-->src\main\AndroidManifest.xml:27:13-37
42        <activity
42-->src\main\AndroidManifest.xml:28:9-30:40
43            android:name="com.example.baybayin.Drawing.Yunit3_Drawing"
43-->src\main\AndroidManifest.xml:29:13-51
44            android:exported="false" />
44-->src\main\AndroidManifest.xml:30:13-37
45        <activity
45-->src\main\AndroidManifest.xml:31:9-33:40
46            android:name="com.example.baybayin.Quiz.Yunit3_Pagsulat"
46-->src\main\AndroidManifest.xml:32:13-49
47            android:exported="false" />
47-->src\main\AndroidManifest.xml:33:13-37
48        <activity
48-->src\main\AndroidManifest.xml:34:9-36:40
49            android:name="com.example.baybayin.Quiz.Yunit3_Quiz_Ya"
49-->src\main\AndroidManifest.xml:35:13-48
50            android:exported="false" />
50-->src\main\AndroidManifest.xml:36:13-37
51        <activity
51-->src\main\AndroidManifest.xml:37:9-39:40
52            android:name="com.example.baybayin.Quiz.Yunit3_Quiz_TaWa"
52-->src\main\AndroidManifest.xml:38:13-50
53            android:exported="false" />
53-->src\main\AndroidManifest.xml:39:13-37
54        <activity
54-->src\main\AndroidManifest.xml:40:9-42:40
55            android:name="com.example.baybayin.Quiz.Yunit3_Quiz_RaSa"
55-->src\main\AndroidManifest.xml:41:13-50
56            android:exported="false" />
56-->src\main\AndroidManifest.xml:42:13-37
57        <activity
57-->src\main\AndroidManifest.xml:43:9-45:40
58            android:name="com.example.baybayin.Lessons.Yunit3_Lesson_Ya"
58-->src\main\AndroidManifest.xml:44:13-53
59            android:exported="false" />
59-->src\main\AndroidManifest.xml:45:13-37
60        <activity
60-->src\main\AndroidManifest.xml:46:9-48:40
61            android:name="com.example.baybayin.Lessons.Yunit3_Lesson_Ta_Wa"
61-->src\main\AndroidManifest.xml:47:13-56
62            android:exported="false" />
62-->src\main\AndroidManifest.xml:48:13-37
63        <activity
63-->src\main\AndroidManifest.xml:49:9-51:40
64            android:name="com.example.baybayin.Lessons.Yunit3_Lesson_Ra_Sa"
64-->src\main\AndroidManifest.xml:50:13-56
65            android:exported="false" />
65-->src\main\AndroidManifest.xml:51:13-37
66        <activity
66-->src\main\AndroidManifest.xml:52:9-54:40
67            android:name="com.example.baybayin.Quiz.Yunit3_Quiz_Ngapa"
67-->src\main\AndroidManifest.xml:53:13-51
68            android:exported="false" />
68-->src\main\AndroidManifest.xml:54:13-37
69        <activity
69-->src\main\AndroidManifest.xml:55:9-57:40
70            android:name="com.example.baybayin.Lessons.Yunit3_Lesson_Nga_Pa"
70-->src\main\AndroidManifest.xml:56:13-57
71            android:exported="false" />
71-->src\main\AndroidManifest.xml:57:13-37
72        <activity
72-->src\main\AndroidManifest.xml:58:9-60:40
73            android:name="com.example.baybayin.Quiz.Yunit3_Quiz_Mana"
73-->src\main\AndroidManifest.xml:59:13-50
74            android:exported="false" />
74-->src\main\AndroidManifest.xml:60:13-37
75        <activity
75-->src\main\AndroidManifest.xml:61:9-63:40
76            android:name="com.example.baybayin.Lessons.Yunit3_Lesson_Ma_Na"
76-->src\main\AndroidManifest.xml:62:13-56
77            android:exported="false" />
77-->src\main\AndroidManifest.xml:63:13-37
78        <activity
78-->src\main\AndroidManifest.xml:64:9-66:40
79            android:name="com.example.baybayin.Quiz.Yunit3_Quiz_HaLa"
79-->src\main\AndroidManifest.xml:65:13-50
80            android:exported="false" />
80-->src\main\AndroidManifest.xml:66:13-37
81        <activity
81-->src\main\AndroidManifest.xml:67:9-69:40
82            android:name="com.example.baybayin.Quiz_Note.Yunit3_Quiz_HaLa_Note"
82-->src\main\AndroidManifest.xml:68:13-60
83            android:exported="false" />
83-->src\main\AndroidManifest.xml:69:13-37
84        <activity
84-->src\main\AndroidManifest.xml:70:9-72:40
85            android:name="com.example.baybayin.Lessons.Yunit3_Lesson_Ha_La"
85-->src\main\AndroidManifest.xml:71:13-56
86            android:exported="false" />
86-->src\main\AndroidManifest.xml:72:13-37
87        <activity
87-->src\main\AndroidManifest.xml:73:9-75:40
88            android:name="com.example.baybayin.Quiz_Note.Yunit3_Quiz_DaGa_Note"
88-->src\main\AndroidManifest.xml:74:13-60
89            android:exported="false" />
89-->src\main\AndroidManifest.xml:75:13-37
90        <activity
90-->src\main\AndroidManifest.xml:76:9-78:40
91            android:name="com.example.baybayin.Quiz.Yunit3_Quiz_DaGa"
91-->src\main\AndroidManifest.xml:77:13-50
92            android:exported="false" />
92-->src\main\AndroidManifest.xml:78:13-37
93        <activity
93-->src\main\AndroidManifest.xml:79:9-81:40
94            android:name="com.example.baybayin.Lessons.Yunit3_Lesson_Da_Ga"
94-->src\main\AndroidManifest.xml:80:13-56
95            android:exported="false" />
95-->src\main\AndroidManifest.xml:81:13-37
96        <activity
96-->src\main\AndroidManifest.xml:82:9-84:40
97            android:name="com.example.baybayin.Quiz.Yunit3_Quiz_BaKa"
97-->src\main\AndroidManifest.xml:83:13-50
98            android:exported="false" />
98-->src\main\AndroidManifest.xml:84:13-37
99        <activity
99-->src\main\AndroidManifest.xml:85:9-87:40
100            android:name="com.example.baybayin.Quiz_Note.Yunit3_Quiz_BaKa_Note"
100-->src\main\AndroidManifest.xml:86:13-60
101            android:exported="false" />
101-->src\main\AndroidManifest.xml:87:13-37
102        <activity
102-->src\main\AndroidManifest.xml:88:9-90:40
103            android:name="com.example.baybayin.Lessons.Yunit3_Lesson_Ba_Ka"
103-->src\main\AndroidManifest.xml:89:13-56
104            android:exported="false" />
104-->src\main\AndroidManifest.xml:90:13-37
105        <activity
105-->src\main\AndroidManifest.xml:91:9-93:40
106            android:name="com.example.baybayin.Lessons.Yunit3_Lesson_Introduction"
106-->src\main\AndroidManifest.xml:92:13-63
107            android:exported="false" />
107-->src\main\AndroidManifest.xml:93:13-37
108        <activity
108-->src\main\AndroidManifest.xml:94:9-96:40
109            android:name="com.example.baybayin.Drawing.Yunit2_Drawing"
109-->src\main\AndroidManifest.xml:95:13-51
110            android:exported="false" />
110-->src\main\AndroidManifest.xml:96:13-37
111        <activity
111-->src\main\AndroidManifest.xml:97:9-99:40
112            android:name="com.example.baybayin.Quiz_Note.Yunit2_Quiz_Note"
112-->src\main\AndroidManifest.xml:98:13-55
113            android:exported="false" />
113-->src\main\AndroidManifest.xml:99:13-37
114        <activity
114-->src\main\AndroidManifest.xml:100:9-102:40
115            android:name="com.example.baybayin.Quiz.Yunit2_Quiz"
115-->src\main\AndroidManifest.xml:101:13-45
116            android:exported="false" />
116-->src\main\AndroidManifest.xml:102:13-37
117        <activity
117-->src\main\AndroidManifest.xml:103:9-105:40
118            android:name="com.example.baybayin.Quiz.Yunit2_Pagsulat"
118-->src\main\AndroidManifest.xml:104:13-49
119            android:exported="false" />
119-->src\main\AndroidManifest.xml:105:13-37
120        <activity
120-->src\main\AndroidManifest.xml:106:9-108:40
121            android:name="com.example.baybayin.Lessons.Yunit2_Lesson_Patinig"
121-->src\main\AndroidManifest.xml:107:13-58
122            android:exported="false" />
122-->src\main\AndroidManifest.xml:108:13-37
123        <activity
123-->src\main\AndroidManifest.xml:109:9-111:40
124            android:name="com.example.baybayin.Lessons.Yunit2_Lesson_Introduction"
124-->src\main\AndroidManifest.xml:110:13-63
125            android:exported="false" />
125-->src\main\AndroidManifest.xml:111:13-37
126        <activity
126-->src\main\AndroidManifest.xml:112:9-114:40
127            android:name="com.example.baybayin.Quiz_Note.Quiz_Note"
127-->src\main\AndroidManifest.xml:113:13-48
128            android:exported="false" />
128-->src\main\AndroidManifest.xml:114:13-37
129        <activity
129-->src\main\AndroidManifest.xml:115:9-117:40
130            android:name="com.example.baybayin.Quiz.Yunit1_Quiz"
130-->src\main\AndroidManifest.xml:116:13-45
131            android:exported="false" />
131-->src\main\AndroidManifest.xml:117:13-37
132        <activity
132-->src\main\AndroidManifest.xml:118:9-120:40
133            android:name="com.example.baybayin.Lessons.Yunit1_Lesson_Kahalagahan"
133-->src\main\AndroidManifest.xml:119:13-62
134            android:exported="false" />
134-->src\main\AndroidManifest.xml:120:13-37
135        <activity
135-->src\main\AndroidManifest.xml:121:9-123:40
136            android:name="com.example.baybayin.Lessons.Yunit1_Lesson_Pagsisimula"
136-->src\main\AndroidManifest.xml:122:13-62
137            android:exported="false" />
137-->src\main\AndroidManifest.xml:123:13-37
138        <activity
138-->src\main\AndroidManifest.xml:124:9-133:20
139            android:name="com.example.baybayin.Activity.SplashActivity"
139-->src\main\AndroidManifest.xml:125:13-52
140            android:exported="true" >
140-->src\main\AndroidManifest.xml:126:13-36
141            <intent-filter>
141-->src\main\AndroidManifest.xml:128:13-132:29
142                <action android:name="android.intent.action.MAIN" />
142-->src\main\AndroidManifest.xml:129:17-69
142-->src\main\AndroidManifest.xml:129:25-66
143
144                <category android:name="android.intent.category.LAUNCHER" />
144-->src\main\AndroidManifest.xml:131:17-77
144-->src\main\AndroidManifest.xml:131:27-74
145            </intent-filter>
146        </activity>
147        <activity
147-->src\main\AndroidManifest.xml:134:9-137:48
148            android:name="com.example.baybayin.Activity.MainActivity"
148-->src\main\AndroidManifest.xml:135:13-50
149            android:exported="true" />
149-->src\main\AndroidManifest.xml:136:13-36
150        <!-- Needs to be explicitly declared on P+ -->
151        <uses-library
151-->[com.google.android.gms:play-services-maps:17.0.0] AndroidManifest.xml:33:9-35:40
152            android:name="org.apache.http.legacy"
152-->[com.google.android.gms:play-services-maps:17.0.0] AndroidManifest.xml:34:13-50
153            android:required="false" />
153-->[com.google.android.gms:play-services-maps:17.0.0] AndroidManifest.xml:35:13-37
154
155        <activity
155-->[com.google.android.gms:play-services-base:18.1.0] AndroidManifest.xml:20:9-22:45
156            android:name="com.google.android.gms.common.api.GoogleApiActivity"
156-->[com.google.android.gms:play-services-base:18.1.0] AndroidManifest.xml:20:19-85
157            android:exported="false"
157-->[com.google.android.gms:play-services-base:18.1.0] AndroidManifest.xml:22:19-43
158            android:theme="@android:style/Theme.Translucent.NoTitleBar" />
158-->[com.google.android.gms:play-services-base:18.1.0] AndroidManifest.xml:21:19-78
159
160        <meta-data
160-->[com.google.android.gms:play-services-basement:18.1.0] AndroidManifest.xml:21:9-23:69
161            android:name="com.google.android.gms.version"
161-->[com.google.android.gms:play-services-basement:18.1.0] AndroidManifest.xml:22:13-58
162            android:value="@integer/google_play_services_version" />
162-->[com.google.android.gms:play-services-basement:18.1.0] AndroidManifest.xml:23:13-66
163
164        <provider
164-->[androidx.emoji2:emoji2:1.2.0] AndroidManifest.xml:24:9-32:20
165            android:name="androidx.startup.InitializationProvider"
165-->[androidx.emoji2:emoji2:1.2.0] AndroidManifest.xml:25:13-67
166            android:authorities="com.example.baybayin.androidx-startup"
166-->[androidx.emoji2:emoji2:1.2.0] AndroidManifest.xml:26:13-68
167            android:exported="false" >
167-->[androidx.emoji2:emoji2:1.2.0] AndroidManifest.xml:27:13-37
168            <meta-data
168-->[androidx.emoji2:emoji2:1.2.0] AndroidManifest.xml:29:13-31:52
169                android:name="androidx.emoji2.text.EmojiCompatInitializer"
169-->[androidx.emoji2:emoji2:1.2.0] AndroidManifest.xml:30:17-75
170                android:value="androidx.startup" />
170-->[androidx.emoji2:emoji2:1.2.0] AndroidManifest.xml:31:17-49
171            <meta-data
171-->[androidx.lifecycle:lifecycle-process:2.4.1] AndroidManifest.xml:31:13-33:52
172                android:name="androidx.lifecycle.ProcessLifecycleInitializer"
172-->[androidx.lifecycle:lifecycle-process:2.4.1] AndroidManifest.xml:32:17-78
173                android:value="androidx.startup" />
173-->[androidx.lifecycle:lifecycle-process:2.4.1] AndroidManifest.xml:33:17-49
174        </provider>
175    </application>
176
177</manifest>